Unable to capture context for thread 5164 in process 4980, can not generate back trace
Exception at PC 0x00007FF993263C58
Exception at PC 0x00007FF993263C58
Exception at PC 0x00007FF92596BB93
Printing stacktrace...

Exception at PC 0x00007FF993263C58
Exception at PC 0x00007FF993263C58
Exception at PC 0x00007FF993263C58
Exception at PC 0x00007FF993263C58
Exception at PC 0x00007FF993263C58
Exception at PC 0x00007FF993263C58
Exception at PC 0x00007FF993263C58
Exception at PC 0x00007FF993263C58
Exception at PC 0x00007FF993263C58
Exception at PC 0x00007FF993263C58
Exception at PC 0x00007FF993263C58
Exception at PC 0x00007FF993263C58
[0]  [0x00007FF92596BB93]
[1]  [0x00007FF92596BB93]
[2]  [0x00007FF92596B4A1]
[3]  [0x00007FF92596B3EF]
[4]  [0x00007FF9259519FE]
[5]  [0x00007FF925950ED1]
[6]  [0x00007FF925950D76]
[7]  [0x00007FF9258F79F6]
[8]  [0x00007FF9258E7AFB]
[9]  [0x00007FF925A0E90A]
[10]  [0x00007FF925A29F87]
[11]  [0x00007FF925A2A05F]
[12] (BaseThreadInitThunk+0x14) [0x00007FF994288364]
[13] (RtlUserThreadStart+0x21) [0x00007FF996D570D1]
Done
Exception at PC 0x00007FF993263C58
Exception at PC 0x00007FF993263C58
Exception at PC 0x00007FF993263C58
Exception at PC 0x00007FF993263C58
