#-----------------------------------------------------------
# Vivado v2016.4 (64-bit)
# SW Build 1756540 on Mon Jan 23 19:11:23 MST 2017
# IP Build 1755317 on Mon Jan 23 20:30:07 MST 2017
# Start of session at: Mon May 29 02:53:15 2017
# Process ID: 14732
# Current directory: D:/Facultate/AdunareScadereVM
# Command line: vivado.exe -gui_launcher_event rodinguilauncherevent14724 D:\Facultate\AdunareScadereVM\AdunareScadereVM.xpr
# Log file: D:/Facultate/AdunareScadereVM/vivado.log
# Journal file: D:/Facultate/AdunareScadereVM\vivado.jou
#-----------------------------------------------------------
start_gui
open_project D:/Facultate/AdunareScadereVM/AdunareScadereVM.xpr
Scanning sources...
Finished scanning sources
INFO: [IP_Flow 19-234] Refreshing IP repositories
INFO: [IP_Flow 19-1704] No user IP repositories specified
INFO: [IP_Flow 19-2313] Loaded Vivado IP repository 'C:/Xilinx/Vivado/2016.4/data/ip'.
launch_simulation
INFO: [SIM-utils-51] Simulation object is 'sim_1'
INFO: [USF-XSim-37] Inspecting design source files for 'add_sim' in fileset 'sim_1'...
INFO: [USF-XSim-97] Finding global include files...
INFO: [USF-XSim-98] Fetching design files from 'sim_1'...
INFO: [USF-XSim-2] XSim::Compile design
INFO: [USF-XSim-61] Executing 'COMPILE and ANALYZE' step in 'D:/Facultate/AdunareScadereVM/AdunareScadereVM.sim/sim_1/behav'
"xvhdl -m64 --relax -prj add_sim_vhdl.prj"
INFO: [VRFC 10-163] Analyzing VHDL file "D:/Facultate/AdunareScadereVM/AdunareScadereVM.srcs/sources_1/new/Inc_Dec.vhd" into library xil_defaultlib
INFO: [VRFC 10-307] analyzing entity Inc_Dec
INFO: [VRFC 10-163] Analyzing VHDL file "D:/Facultate/AdunareScadereVM/AdunareScadereVM.srcs/sources_1/new/comp2.vhd" into library xil_defaultlib
INFO: [VRFC 10-307] analyzing entity comp2
INFO: [VRFC 10-163] Analyzing VHDL file "D:/Facultate/AdunareScadereVM/AdunareScadereVM.srcs/sources_1/new/ALU1.vhd" into library xil_defaultlib
INFO: [VRFC 10-307] analyzing entity ALU1
INFO: [VRFC 10-163] Analyzing VHDL file "D:/Facultate/AdunareScadereVM/AdunareScadereVM.srcs/sources_1/new/Round_Unit.vhd" into library xil_defaultlib
INFO: [VRFC 10-307] analyzing entity Round_Unit
INFO: [VRFC 10-163] Analyzing VHDL file "D:/Facultate/AdunareScadereVM/AdunareScadereVM.srcs/sources_1/new/shift_LR.vhd" into library xil_defaultlib
INFO: [VRFC 10-307] analyzing entity shift_LR
INFO: [VRFC 10-163] Analyzing VHDL file "D:/Facultate/AdunareScadereVM/AdunareScadereVM.srcs/sources_1/new/controlUnit.vhd" into library xil_defaultlib
INFO: [VRFC 10-307] analyzing entity controlUnit
INFO: [VRFC 10-163] Analyzing VHDL file "D:/Facultate/AdunareScadereVM/AdunareScadereVM.srcs/sources_1/new/aluMantisa.vhd" into library xil_defaultlib
INFO: [VRFC 10-307] analyzing entity aluMantisa
INFO: [VRFC 10-163] Analyzing VHDL file "D:/Facultate/AdunareScadereVM/AdunareScadereVM.srcs/sources_1/new/shiftUnit.vhd" into library xil_defaultlib
INFO: [VRFC 10-307] analyzing entity shiftUnit
INFO: [VRFC 10-163] Analyzing VHDL file "D:/Facultate/AdunareScadereVM/AdunareScadereVM.srcs/sources_1/new/addSubModule.vhd" into library xil_defaultlib
INFO: [VRFC 10-307] analyzing entity addSubModule
INFO: [VRFC 10-163] Analyzing VHDL file "D:/Facultate/AdunareScadereVM/AdunareScadereVM.srcs/sim_1/new/add_sim.vhd" into library xil_defaultlib
INFO: [VRFC 10-307] analyzing entity add_sim
INFO: [USF-XSim-69] 'compile' step finished in '1' seconds
INFO: [USF-XSim-3] XSim::Elaborate design
INFO: [USF-XSim-61] Executing 'ELABORATE' step in 'D:/Facultate/AdunareScadereVM/AdunareScadereVM.sim/sim_1/behav'
Vivado Simulator 2016.4
Copyright 1986-1999, 2001-2016 Xilinx, Inc. All Rights Reserved.
Running: C:/Xilinx/Vivado/2016.4/bin/unwrapped/win64.o/xelab.exe -wto b69dab129d714d529dcbb7f19266528c --debug typical --relax --mt 2 -L xil_defaultlib -L secureip --snapshot add_sim_behav xil_defaultlib.add_sim -log elaborate.log 
Using 2 slave threads.
Starting static elaboration
Completed static elaboration
Starting simulation data flow analysis
Completed simulation data flow analysis
Time Resolution for simulation is 1ps
Compiling package std.standard
Compiling package std.textio
Compiling package ieee.std_logic_1164
Compiling package ieee.numeric_std
Compiling architecture behavioral of entity xil_defaultlib.comp2 [comp2_default]
Compiling architecture behavioral of entity xil_defaultlib.Inc_Dec [inc_dec_default]
Compiling architecture behavioral of entity xil_defaultlib.shift_LR [shift_lr_default]
Compiling architecture behavioral of entity xil_defaultlib.Round_Unit [round_unit_default]
Compiling architecture behavioral of entity xil_defaultlib.ALU1 [alu1_default]
Compiling architecture behavioral of entity xil_defaultlib.shiftUnit [shiftunit_default]
Compiling architecture behavioral of entity xil_defaultlib.aluMantisa [alumantisa_default]
Compiling architecture behavioral of entity xil_defaultlib.controlUnit [controlunit_default]
Compiling architecture behavioral of entity xil_defaultlib.addSubModule [addsubmodule_default]
Compiling architecture behavioral of entity xil_defaultlib.add_sim
Built simulation snapshot add_sim_behav

****** Webtalk v2016.4 (64-bit)
  **** SW Build 1756540 on Mon Jan 23 19:11:23 MST 2017
  **** IP Build 1755317 on Mon Jan 23 20:30:07 MST 2017
    ** Copyright 1986-2016 Xilinx, Inc. All Rights Reserved.

source D:/Facultate/AdunareScadereVM/AdunareScadereVM.sim/sim_1/behav/xsim.dir/add_sim_behav/webtalk/xsim_webtalk.tcl -notrace
INFO: [Common 17-186] 'D:/Facultate/AdunareScadereVM/AdunareScadereVM.sim/sim_1/behav/xsim.dir/add_sim_behav/webtalk/usage_statistics_ext_xsim.xml' has been successfully sent to Xilinx on Mon May 29 02:53:40 2017. For additional details about this file, please refer to the WebTalk help file at C:/Xilinx/Vivado/2016.4/doc/webtalk_introduction.html.
INFO: [Common 17-206] Exiting Webtalk at Mon May 29 02:53:40 2017...
INFO: [USF-XSim-69] 'elaborate' step finished in '4' seconds
INFO: [USF-XSim-4] XSim::Simulate design
INFO: [USF-XSim-61] Executing 'SIMULATE' step in 'D:/Facultate/AdunareScadereVM/AdunareScadereVM.sim/sim_1/behav'
INFO: [USF-XSim-98] *** Running xsim
   with args "add_sim_behav -key {Behavioral:sim_1:Functional:add_sim} -tclbatch {add_sim.tcl} -log {simulate.log}"
INFO: [USF-XSim-8] Loading simulator feature
Vivado Simulator 2016.4
Time resolution is 1 ps
source add_sim.tcl
# set curr_wave [current_wave_config]
# if { [string length $curr_wave] == 0 } {
#   if { [llength [get_objects]] > 0} {
#     add_wave /
#     set_property needs_save false [current_wave_config]
#   } else {
#      send_msg_id Add_Wave-1 WARNING "No top level signals found. Simulator will start without a wave window. If you want to open a wave window go to 'File->New Waveform Configuration' or type 'create_wave_config' in the TCL console."
#   }
# }
# run 4000 ns
FATAL_ERROR: Iteration limit 10000 is reached. Possible zero delay oscillation detected where simulation time can not advance. Please check your source code. Note that the iteration limit can be changed using switch -maxdeltaid.
Time: 1560 ns  Iteration: 10000
INFO: [USF-XSim-96] XSim completed. Design snapshot 'add_sim_behav' loaded.
INFO: [USF-XSim-97] XSim simulation ran for 4000 ns
launch_simulation: Time (s): cpu = 00:00:04 ; elapsed = 00:00:07 . Memory (MB): peak = 821.105 ; gain = 1.461
close_sim
INFO: [Simtcl 6-16] Simulation closed
launch_simulation
INFO: [SIM-utils-51] Simulation object is 'sim_1'
INFO: [USF-XSim-37] Inspecting design source files for 'add_sim' in fileset 'sim_1'...
INFO: [USF-XSim-97] Finding global include files...
INFO: [USF-XSim-98] Fetching design files from 'sim_1'...
INFO: [USF-XSim-2] XSim::Compile design
INFO: [USF-XSim-61] Executing 'COMPILE and ANALYZE' step in 'D:/Facultate/AdunareScadereVM/AdunareScadereVM.sim/sim_1/behav'
"xvhdl -m64 --relax -prj add_sim_vhdl.prj"
INFO: [VRFC 10-163] Analyzing VHDL file "D:/Facultate/AdunareScadereVM/AdunareScadereVM.srcs/sources_1/new/Inc_Dec.vhd" into library xil_defaultlib
INFO: [VRFC 10-307] analyzing entity Inc_Dec
INFO: [VRFC 10-163] Analyzing VHDL file "D:/Facultate/AdunareScadereVM/AdunareScadereVM.srcs/sources_1/new/comp2.vhd" into library xil_defaultlib
INFO: [VRFC 10-307] analyzing entity comp2
INFO: [VRFC 10-163] Analyzing VHDL file "D:/Facultate/AdunareScadereVM/AdunareScadereVM.srcs/sources_1/new/ALU1.vhd" into library xil_defaultlib
INFO: [VRFC 10-307] analyzing entity ALU1
INFO: [VRFC 10-163] Analyzing VHDL file "D:/Facultate/AdunareScadereVM/AdunareScadereVM.srcs/sources_1/new/Round_Unit.vhd" into library xil_defaultlib
INFO: [VRFC 10-307] analyzing entity Round_Unit
INFO: [VRFC 10-163] Analyzing VHDL file "D:/Facultate/AdunareScadereVM/AdunareScadereVM.srcs/sources_1/new/shift_LR.vhd" into library xil_defaultlib
INFO: [VRFC 10-307] analyzing entity shift_LR
INFO: [VRFC 10-163] Analyzing VHDL file "D:/Facultate/AdunareScadereVM/AdunareScadereVM.srcs/sources_1/new/controlUnit.vhd" into library xil_defaultlib
INFO: [VRFC 10-307] analyzing entity controlUnit
INFO: [VRFC 10-163] Analyzing VHDL file "D:/Facultate/AdunareScadereVM/AdunareScadereVM.srcs/sources_1/new/aluMantisa.vhd" into library xil_defaultlib
INFO: [VRFC 10-307] analyzing entity aluMantisa
INFO: [VRFC 10-163] Analyzing VHDL file "D:/Facultate/AdunareScadereVM/AdunareScadereVM.srcs/sources_1/new/shiftUnit.vhd" into library xil_defaultlib
INFO: [VRFC 10-307] analyzing entity shiftUnit
INFO: [VRFC 10-163] Analyzing VHDL file "D:/Facultate/AdunareScadereVM/AdunareScadereVM.srcs/sources_1/new/addSubModule.vhd" into library xil_defaultlib
INFO: [VRFC 10-307] analyzing entity addSubModule
INFO: [VRFC 10-163] Analyzing VHDL file "D:/Facultate/AdunareScadereVM/AdunareScadereVM.srcs/sim_1/new/add_sim.vhd" into library xil_defaultlib
INFO: [VRFC 10-307] analyzing entity add_sim
INFO: [USF-XSim-69] 'compile' step finished in '1' seconds
INFO: [USF-XSim-3] XSim::Elaborate design
INFO: [USF-XSim-61] Executing 'ELABORATE' step in 'D:/Facultate/AdunareScadereVM/AdunareScadereVM.sim/sim_1/behav'
Vivado Simulator 2016.4
Copyright 1986-1999, 2001-2016 Xilinx, Inc. All Rights Reserved.
Running: C:/Xilinx/Vivado/2016.4/bin/unwrapped/win64.o/xelab.exe -wto b69dab129d714d529dcbb7f19266528c --debug typical --relax --mt 2 -L xil_defaultlib -L secureip --snapshot add_sim_behav xil_defaultlib.add_sim -log elaborate.log 
Using 2 slave threads.
Starting static elaboration
Completed static elaboration
Starting simulation data flow analysis
Completed simulation data flow analysis
Time Resolution for simulation is 1ps
Compiling package std.standard
Compiling package std.textio
Compiling package ieee.std_logic_1164
Compiling package ieee.numeric_std
Compiling architecture behavioral of entity xil_defaultlib.comp2 [comp2_default]
Compiling architecture behavioral of entity xil_defaultlib.Inc_Dec [inc_dec_default]
Compiling architecture behavioral of entity xil_defaultlib.shift_LR [shift_lr_default]
Compiling architecture behavioral of entity xil_defaultlib.Round_Unit [round_unit_default]
Compiling architecture behavioral of entity xil_defaultlib.ALU1 [alu1_default]
Compiling architecture behavioral of entity xil_defaultlib.shiftUnit [shiftunit_default]
Compiling architecture behavioral of entity xil_defaultlib.aluMantisa [alumantisa_default]
Compiling architecture behavioral of entity xil_defaultlib.controlUnit [controlunit_default]
Compiling architecture behavioral of entity xil_defaultlib.addSubModule [addsubmodule_default]
Compiling architecture behavioral of entity xil_defaultlib.add_sim
Built simulation snapshot add_sim_behav

****** Webtalk v2016.4 (64-bit)
  **** SW Build 1756540 on Mon Jan 23 19:11:23 MST 2017
  **** IP Build 1755317 on Mon Jan 23 20:30:07 MST 2017
    ** Copyright 1986-2016 Xilinx, Inc. All Rights Reserved.

source D:/Facultate/AdunareScadereVM/AdunareScadereVM.sim/sim_1/behav/xsim.dir/add_sim_behav/webtalk/xsim_webtalk.tcl -notrace
INFO: [Common 17-186] 'D:/Facultate/AdunareScadereVM/AdunareScadereVM.sim/sim_1/behav/xsim.dir/add_sim_behav/webtalk/usage_statistics_ext_xsim.xml' has been successfully sent to Xilinx on Mon May 29 02:56:20 2017. For additional details about this file, please refer to the WebTalk help file at C:/Xilinx/Vivado/2016.4/doc/webtalk_introduction.html.
INFO: [Common 17-206] Exiting Webtalk at Mon May 29 02:56:20 2017...
INFO: [USF-XSim-69] 'elaborate' step finished in '4' seconds
INFO: [USF-XSim-4] XSim::Simulate design
INFO: [USF-XSim-61] Executing 'SIMULATE' step in 'D:/Facultate/AdunareScadereVM/AdunareScadereVM.sim/sim_1/behav'
INFO: [USF-XSim-98] *** Running xsim
   with args "add_sim_behav -key {Behavioral:sim_1:Functional:add_sim} -tclbatch {add_sim.tcl} -log {simulate.log}"
INFO: [USF-XSim-8] Loading simulator feature
Vivado Simulator 2016.4
Time resolution is 1 ps
source add_sim.tcl
# set curr_wave [current_wave_config]
# if { [string length $curr_wave] == 0 } {
#   if { [llength [get_objects]] > 0} {
#     add_wave /
#     set_property needs_save false [current_wave_config]
#   } else {
#      send_msg_id Add_Wave-1 WARNING "No top level signals found. Simulator will start without a wave window. If you want to open a wave window go to 'File->New Waveform Configuration' or type 'create_wave_config' in the TCL console."
#   }
# }
# run 4000 ns
FATAL_ERROR: Iteration limit 10000 is reached. Possible zero delay oscillation detected where simulation time can not advance. Please check your source code. Note that the iteration limit can be changed using switch -maxdeltaid.
Time: 1560 ns  Iteration: 10000
INFO: [USF-XSim-96] XSim completed. Design snapshot 'add_sim_behav' loaded.
INFO: [USF-XSim-97] XSim simulation ran for 4000 ns
launch_simulation: Time (s): cpu = 00:00:04 ; elapsed = 00:00:07 . Memory (MB): peak = 853.621 ; gain = 2.367
set_property top addSubModule [current_fileset]
close_sim
INFO: [Simtcl 6-16] Simulation closed
launch_simulation
INFO: [SIM-utils-51] Simulation object is 'sim_1'
INFO: [USF-XSim-37] Inspecting design source files for 'add_sim' in fileset 'sim_1'...
INFO: [USF-XSim-97] Finding global include files...
INFO: [USF-XSim-98] Fetching design files from 'sim_1'...
INFO: [USF-XSim-2] XSim::Compile design
INFO: [USF-XSim-61] Executing 'COMPILE and ANALYZE' step in 'D:/Facultate/AdunareScadereVM/AdunareScadereVM.sim/sim_1/behav'
"xvhdl -m64 --relax -prj add_sim_vhdl.prj"
INFO: [VRFC 10-163] Analyzing VHDL file "D:/Facultate/AdunareScadereVM/AdunareScadereVM.srcs/sources_1/new/Inc_Dec.vhd" into library xil_defaultlib
INFO: [VRFC 10-307] analyzing entity Inc_Dec
INFO: [VRFC 10-163] Analyzing VHDL file "D:/Facultate/AdunareScadereVM/AdunareScadereVM.srcs/sources_1/new/comp2.vhd" into library xil_defaultlib
INFO: [VRFC 10-307] analyzing entity comp2
INFO: [VRFC 10-163] Analyzing VHDL file "D:/Facultate/AdunareScadereVM/AdunareScadereVM.srcs/sources_1/new/ALU1.vhd" into library xil_defaultlib
INFO: [VRFC 10-307] analyzing entity ALU1
INFO: [VRFC 10-163] Analyzing VHDL file "D:/Facultate/AdunareScadereVM/AdunareScadereVM.srcs/sources_1/new/Round_Unit.vhd" into library xil_defaultlib
INFO: [VRFC 10-307] analyzing entity Round_Unit
INFO: [VRFC 10-163] Analyzing VHDL file "D:/Facultate/AdunareScadereVM/AdunareScadereVM.srcs/sources_1/new/shift_LR.vhd" into library xil_defaultlib
INFO: [VRFC 10-307] analyzing entity shift_LR
INFO: [VRFC 10-163] Analyzing VHDL file "D:/Facultate/AdunareScadereVM/AdunareScadereVM.srcs/sources_1/new/controlUnit.vhd" into library xil_defaultlib
INFO: [VRFC 10-307] analyzing entity controlUnit
INFO: [VRFC 10-163] Analyzing VHDL file "D:/Facultate/AdunareScadereVM/AdunareScadereVM.srcs/sources_1/new/aluMantisa.vhd" into library xil_defaultlib
INFO: [VRFC 10-307] analyzing entity aluMantisa
INFO: [VRFC 10-163] Analyzing VHDL file "D:/Facultate/AdunareScadereVM/AdunareScadereVM.srcs/sources_1/new/shiftUnit.vhd" into library xil_defaultlib
INFO: [VRFC 10-307] analyzing entity shiftUnit
INFO: [VRFC 10-163] Analyzing VHDL file "D:/Facultate/AdunareScadereVM/AdunareScadereVM.srcs/sources_1/new/addSubModule.vhd" into library xil_defaultlib
INFO: [VRFC 10-307] analyzing entity addSubModule
INFO: [VRFC 10-163] Analyzing VHDL file "D:/Facultate/AdunareScadereVM/AdunareScadereVM.srcs/sim_1/new/add_sim.vhd" into library xil_defaultlib
INFO: [VRFC 10-307] analyzing entity add_sim
INFO: [USF-XSim-69] 'compile' step finished in '1' seconds
INFO: [USF-XSim-3] XSim::Elaborate design
INFO: [USF-XSim-61] Executing 'ELABORATE' step in 'D:/Facultate/AdunareScadereVM/AdunareScadereVM.sim/sim_1/behav'
Vivado Simulator 2016.4
Copyright 1986-1999, 2001-2016 Xilinx, Inc. All Rights Reserved.
Running: C:/Xilinx/Vivado/2016.4/bin/unwrapped/win64.o/xelab.exe -wto b69dab129d714d529dcbb7f19266528c --debug typical --relax --mt 2 -L xil_defaultlib -L secureip --snapshot add_sim_behav xil_defaultlib.add_sim -log elaborate.log 
Using 2 slave threads.
Starting static elaboration
Completed static elaboration
Starting simulation data flow analysis
Completed simulation data flow analysis
Time Resolution for simulation is 1ps
Compiling package std.standard
Compiling package std.textio
Compiling package ieee.std_logic_1164
Compiling package ieee.numeric_std
Compiling architecture behavioral of entity xil_defaultlib.comp2 [comp2_default]
Compiling architecture behavioral of entity xil_defaultlib.Inc_Dec [inc_dec_default]
Compiling architecture behavioral of entity xil_defaultlib.shift_LR [shift_lr_default]
Compiling architecture behavioral of entity xil_defaultlib.Round_Unit [round_unit_default]
Compiling architecture behavioral of entity xil_defaultlib.ALU1 [alu1_default]
Compiling architecture behavioral of entity xil_defaultlib.shiftUnit [shiftunit_default]
Compiling architecture behavioral of entity xil_defaultlib.aluMantisa [alumantisa_default]
Compiling architecture behavioral of entity xil_defaultlib.controlUnit [controlunit_default]
Compiling architecture behavioral of entity xil_defaultlib.addSubModule [addsubmodule_default]
Compiling architecture behavioral of entity xil_defaultlib.add_sim
Built simulation snapshot add_sim_behav

****** Webtalk v2016.4 (64-bit)
  **** SW Build 1756540 on Mon Jan 23 19:11:23 MST 2017
  **** IP Build 1755317 on Mon Jan 23 20:30:07 MST 2017
    ** Copyright 1986-2016 Xilinx, Inc. All Rights Reserved.

source D:/Facultate/AdunareScadereVM/AdunareScadereVM.sim/sim_1/behav/xsim.dir/add_sim_behav/webtalk/xsim_webtalk.tcl -notrace
INFO: [Common 17-186] 'D:/Facultate/AdunareScadereVM/AdunareScadereVM.sim/sim_1/behav/xsim.dir/add_sim_behav/webtalk/usage_statistics_ext_xsim.xml' has been successfully sent to Xilinx on Mon May 29 02:57:14 2017. For additional details about this file, please refer to the WebTalk help file at C:/Xilinx/Vivado/2016.4/doc/webtalk_introduction.html.
INFO: [Common 17-206] Exiting Webtalk at Mon May 29 02:57:14 2017...
INFO: [USF-XSim-69] 'elaborate' step finished in '4' seconds
INFO: [USF-XSim-4] XSim::Simulate design
INFO: [USF-XSim-61] Executing 'SIMULATE' step in 'D:/Facultate/AdunareScadereVM/AdunareScadereVM.sim/sim_1/behav'
INFO: [USF-XSim-98] *** Running xsim
   with args "add_sim_behav -key {Behavioral:sim_1:Functional:add_sim} -tclbatch {add_sim.tcl} -log {simulate.log}"
INFO: [USF-XSim-8] Loading simulator feature
Vivado Simulator 2016.4
Time resolution is 1 ps
source add_sim.tcl
# set curr_wave [current_wave_config]
# if { [string length $curr_wave] == 0 } {
#   if { [llength [get_objects]] > 0} {
#     add_wave /
#     set_property needs_save false [current_wave_config]
#   } else {
#      send_msg_id Add_Wave-1 WARNING "No top level signals found. Simulator will start without a wave window. If you want to open a wave window go to 'File->New Waveform Configuration' or type 'create_wave_config' in the TCL console."
#   }
# }
# run 4000 ns
FATAL_ERROR: Iteration limit 10000 is reached. Possible zero delay oscillation detected where simulation time can not advance. Please check your source code. Note that the iteration limit can be changed using switch -maxdeltaid.
Time: 1560 ns  Iteration: 10000
INFO: [USF-XSim-96] XSim completed. Design snapshot 'add_sim_behav' loaded.
INFO: [USF-XSim-97] XSim simulation ran for 4000 ns
launch_simulation: Time (s): cpu = 00:00:02 ; elapsed = 00:00:07 . Memory (MB): peak = 889.188 ; gain = 0.000
close_sim
INFO: [Simtcl 6-16] Simulation closed
close_sim: Time (s): cpu = 00:00:00 ; elapsed = 00:00:09 . Memory (MB): peak = 889.188 ; gain = 0.000
launch_simulation
INFO: [SIM-utils-51] Simulation object is 'sim_1'
INFO: [USF-XSim-37] Inspecting design source files for 'add_sim' in fileset 'sim_1'...
INFO: [USF-XSim-97] Finding global include files...
INFO: [USF-XSim-98] Fetching design files from 'sim_1'...
INFO: [USF-XSim-2] XSim::Compile design
INFO: [USF-XSim-61] Executing 'COMPILE and ANALYZE' step in 'D:/Facultate/AdunareScadereVM/AdunareScadereVM.sim/sim_1/behav'
"xvhdl -m64 --relax -prj add_sim_vhdl.prj"
INFO: [VRFC 10-163] Analyzing VHDL file "D:/Facultate/AdunareScadereVM/AdunareScadereVM.srcs/sources_1/new/Inc_Dec.vhd" into library xil_defaultlib
INFO: [VRFC 10-307] analyzing entity Inc_Dec
INFO: [VRFC 10-163] Analyzing VHDL file "D:/Facultate/AdunareScadereVM/AdunareScadereVM.srcs/sources_1/new/comp2.vhd" into library xil_defaultlib
INFO: [VRFC 10-307] analyzing entity comp2
INFO: [VRFC 10-163] Analyzing VHDL file "D:/Facultate/AdunareScadereVM/AdunareScadereVM.srcs/sources_1/new/ALU1.vhd" into library xil_defaultlib
INFO: [VRFC 10-307] analyzing entity ALU1
INFO: [VRFC 10-163] Analyzing VHDL file "D:/Facultate/AdunareScadereVM/AdunareScadereVM.srcs/sources_1/new/Round_Unit.vhd" into library xil_defaultlib
INFO: [VRFC 10-307] analyzing entity Round_Unit
INFO: [VRFC 10-163] Analyzing VHDL file "D:/Facultate/AdunareScadereVM/AdunareScadereVM.srcs/sources_1/new/shift_LR.vhd" into library xil_defaultlib
INFO: [VRFC 10-307] analyzing entity shift_LR
INFO: [VRFC 10-163] Analyzing VHDL file "D:/Facultate/AdunareScadereVM/AdunareScadereVM.srcs/sources_1/new/controlUnit.vhd" into library xil_defaultlib
INFO: [VRFC 10-307] analyzing entity controlUnit
INFO: [VRFC 10-163] Analyzing VHDL file "D:/Facultate/AdunareScadereVM/AdunareScadereVM.srcs/sources_1/new/aluMantisa.vhd" into library xil_defaultlib
INFO: [VRFC 10-307] analyzing entity aluMantisa
INFO: [VRFC 10-163] Analyzing VHDL file "D:/Facultate/AdunareScadereVM/AdunareScadereVM.srcs/sources_1/new/shiftUnit.vhd" into library xil_defaultlib
INFO: [VRFC 10-307] analyzing entity shiftUnit
INFO: [VRFC 10-163] Analyzing VHDL file "D:/Facultate/AdunareScadereVM/AdunareScadereVM.srcs/sources_1/new/addSubModule.vhd" into library xil_defaultlib
INFO: [VRFC 10-307] analyzing entity addSubModule
INFO: [VRFC 10-163] Analyzing VHDL file "D:/Facultate/AdunareScadereVM/AdunareScadereVM.srcs/sim_1/new/add_sim.vhd" into library xil_defaultlib
INFO: [VRFC 10-307] analyzing entity add_sim
INFO: [USF-XSim-69] 'compile' step finished in '1' seconds
INFO: [USF-XSim-3] XSim::Elaborate design
INFO: [USF-XSim-61] Executing 'ELABORATE' step in 'D:/Facultate/AdunareScadereVM/AdunareScadereVM.sim/sim_1/behav'
Vivado Simulator 2016.4
Copyright 1986-1999, 2001-2016 Xilinx, Inc. All Rights Reserved.
Running: C:/Xilinx/Vivado/2016.4/bin/unwrapped/win64.o/xelab.exe -wto b69dab129d714d529dcbb7f19266528c --debug typical --relax --mt 2 -L xil_defaultlib -L secureip --snapshot add_sim_behav xil_defaultlib.add_sim -log elaborate.log 
Using 2 slave threads.
Starting static elaboration
Completed static elaboration
Starting simulation data flow analysis
Completed simulation data flow analysis
Time Resolution for simulation is 1ps
Compiling package std.standard
Compiling package std.textio
Compiling package ieee.std_logic_1164
Compiling package ieee.numeric_std
Compiling architecture behavioral of entity xil_defaultlib.comp2 [comp2_default]
Compiling architecture behavioral of entity xil_defaultlib.Inc_Dec [inc_dec_default]
Compiling architecture behavioral of entity xil_defaultlib.shift_LR [shift_lr_default]
Compiling architecture behavioral of entity xil_defaultlib.Round_Unit [round_unit_default]
Compiling architecture behavioral of entity xil_defaultlib.ALU1 [alu1_default]
Compiling architecture behavioral of entity xil_defaultlib.shiftUnit [shiftunit_default]
Compiling architecture behavioral of entity xil_defaultlib.aluMantisa [alumantisa_default]
Compiling architecture behavioral of entity xil_defaultlib.controlUnit [controlunit_default]
Compiling architecture behavioral of entity xil_defaultlib.addSubModule [addsubmodule_default]
Compiling architecture behavioral of entity xil_defaultlib.add_sim
Built simulation snapshot add_sim_behav

****** Webtalk v2016.4 (64-bit)
  **** SW Build 1756540 on Mon Jan 23 19:11:23 MST 2017
  **** IP Build 1755317 on Mon Jan 23 20:30:07 MST 2017
    ** Copyright 1986-2016 Xilinx, Inc. All Rights Reserved.

source D:/Facultate/AdunareScadereVM/AdunareScadereVM.sim/sim_1/behav/xsim.dir/add_sim_behav/webtalk/xsim_webtalk.tcl -notrace
INFO: [Common 17-186] 'D:/Facultate/AdunareScadereVM/AdunareScadereVM.sim/sim_1/behav/xsim.dir/add_sim_behav/webtalk/usage_statistics_ext_xsim.xml' has been successfully sent to Xilinx on Mon May 29 02:58:49 2017. For additional details about this file, please refer to the WebTalk help file at C:/Xilinx/Vivado/2016.4/doc/webtalk_introduction.html.
INFO: [Common 17-206] Exiting Webtalk at Mon May 29 02:58:49 2017...
INFO: [USF-XSim-69] 'elaborate' step finished in '4' seconds
INFO: [USF-XSim-4] XSim::Simulate design
INFO: [USF-XSim-61] Executing 'SIMULATE' step in 'D:/Facultate/AdunareScadereVM/AdunareScadereVM.sim/sim_1/behav'
INFO: [USF-XSim-98] *** Running xsim
   with args "add_sim_behav -key {Behavioral:sim_1:Functional:add_sim} -tclbatch {add_sim.tcl} -log {simulate.log}"
INFO: [USF-XSim-8] Loading simulator feature
Vivado Simulator 2016.4
Time resolution is 1 ps
source add_sim.tcl
# set curr_wave [current_wave_config]
# if { [string length $curr_wave] == 0 } {
#   if { [llength [get_objects]] > 0} {
#     add_wave /
#     set_property needs_save false [current_wave_config]
#   } else {
#      send_msg_id Add_Wave-1 WARNING "No top level signals found. Simulator will start without a wave window. If you want to open a wave window go to 'File->New Waveform Configuration' or type 'create_wave_config' in the TCL console."
#   }
# }
# run 4000 ns
INFO: [USF-XSim-96] XSim completed. Design snapshot 'add_sim_behav' loaded.
INFO: [USF-XSim-97] XSim simulation ran for 4000 ns
launch_simulation: Time (s): cpu = 00:00:02 ; elapsed = 00:00:08 . Memory (MB): peak = 889.188 ; gain = 0.000
set_property top topModule [current_fileset]
reset_run synth_1
WARNING: [Vivado 12-1017] Problems encountered:
1. Failed to delete one or more files in run directory D:/Facultate/AdunareScadereVM/AdunareScadereVM.runs/synth_1

launch_runs synth_1 -jobs 4
INFO: [HDL 9-1061] Parsing VHDL file "D:/Facultate/AdunareScadereVM/AdunareScadereVM.srcs/sources_1/new/addSubModule.vhd" into library xil_defaultlib [D:/Facultate/AdunareScadereVM/AdunareScadereVM.srcs/sources_1/new/addSubModule.vhd:1]
[Mon May 29 02:59:51 2017] Launched synth_1...
Run output will be captured here: D:/Facultate/AdunareScadereVM/AdunareScadereVM.runs/synth_1/runme.log
reset_run synth_1
WARNING: [Vivado 12-1017] Problems encountered:
1. Failed to delete one or more files in run directory D:/Facultate/AdunareScadereVM/AdunareScadereVM.runs/synth_1

close_sim
INFO: [Simtcl 6-16] Simulation closed
launch_simulation
INFO: [SIM-utils-51] Simulation object is 'sim_1'
INFO: [USF-XSim-37] Inspecting design source files for 'add_sim' in fileset 'sim_1'...
INFO: [USF-XSim-97] Finding global include files...
INFO: [USF-XSim-98] Fetching design files from 'sim_1'...
INFO: [USF-XSim-2] XSim::Compile design
INFO: [USF-XSim-61] Executing 'COMPILE and ANALYZE' step in 'D:/Facultate/AdunareScadereVM/AdunareScadereVM.sim/sim_1/behav'
"xvhdl -m64 --relax -prj add_sim_vhdl.prj"
INFO: [VRFC 10-163] Analyzing VHDL file "D:/Facultate/AdunareScadereVM/AdunareScadereVM.srcs/sources_1/new/Inc_Dec.vhd" into library xil_defaultlib
INFO: [VRFC 10-307] analyzing entity Inc_Dec
INFO: [VRFC 10-163] Analyzing VHDL file "D:/Facultate/AdunareScadereVM/AdunareScadereVM.srcs/sources_1/new/comp2.vhd" into library xil_defaultlib
INFO: [VRFC 10-307] analyzing entity comp2
INFO: [VRFC 10-163] Analyzing VHDL file "D:/Facultate/AdunareScadereVM/AdunareScadereVM.srcs/sources_1/new/ALU1.vhd" into library xil_defaultlib
INFO: [VRFC 10-307] analyzing entity ALU1
INFO: [VRFC 10-163] Analyzing VHDL file "D:/Facultate/AdunareScadereVM/AdunareScadereVM.srcs/sources_1/new/Round_Unit.vhd" into library xil_defaultlib
INFO: [VRFC 10-307] analyzing entity Round_Unit
INFO: [VRFC 10-163] Analyzing VHDL file "D:/Facultate/AdunareScadereVM/AdunareScadereVM.srcs/sources_1/new/shift_LR.vhd" into library xil_defaultlib
INFO: [VRFC 10-307] analyzing entity shift_LR
INFO: [VRFC 10-163] Analyzing VHDL file "D:/Facultate/AdunareScadereVM/AdunareScadereVM.srcs/sources_1/new/controlUnit.vhd" into library xil_defaultlib
INFO: [VRFC 10-307] analyzing entity controlUnit
INFO: [VRFC 10-163] Analyzing VHDL file "D:/Facultate/AdunareScadereVM/AdunareScadereVM.srcs/sources_1/new/aluMantisa.vhd" into library xil_defaultlib
INFO: [VRFC 10-307] analyzing entity aluMantisa
INFO: [VRFC 10-163] Analyzing VHDL file "D:/Facultate/AdunareScadereVM/AdunareScadereVM.srcs/sources_1/new/shiftUnit.vhd" into library xil_defaultlib
INFO: [VRFC 10-307] analyzing entity shiftUnit
INFO: [VRFC 10-163] Analyzing VHDL file "D:/Facultate/AdunareScadereVM/AdunareScadereVM.srcs/sources_1/new/addSubModule.vhd" into library xil_defaultlib
INFO: [VRFC 10-307] analyzing entity addSubModule
INFO: [VRFC 10-163] Analyzing VHDL file "D:/Facultate/AdunareScadereVM/AdunareScadereVM.srcs/sim_1/new/add_sim.vhd" into library xil_defaultlib
INFO: [VRFC 10-307] analyzing entity add_sim
INFO: [USF-XSim-69] 'compile' step finished in '1' seconds
INFO: [USF-XSim-3] XSim::Elaborate design
INFO: [USF-XSim-61] Executing 'ELABORATE' step in 'D:/Facultate/AdunareScadereVM/AdunareScadereVM.sim/sim_1/behav'
Vivado Simulator 2016.4
Copyright 1986-1999, 2001-2016 Xilinx, Inc. All Rights Reserved.
Running: C:/Xilinx/Vivado/2016.4/bin/unwrapped/win64.o/xelab.exe -wto b69dab129d714d529dcbb7f19266528c --debug typical --relax --mt 2 -L xil_defaultlib -L secureip --snapshot add_sim_behav xil_defaultlib.add_sim -log elaborate.log 
Using 2 slave threads.
Starting static elaboration
Completed static elaboration
Starting simulation data flow analysis
Completed simulation data flow analysis
Time Resolution for simulation is 1ps
Compiling package std.standard
Compiling package std.textio
Compiling package ieee.std_logic_1164
Compiling package ieee.numeric_std
Compiling architecture behavioral of entity xil_defaultlib.comp2 [comp2_default]
Compiling architecture behavioral of entity xil_defaultlib.Inc_Dec [inc_dec_default]
Compiling architecture behavioral of entity xil_defaultlib.shift_LR [shift_lr_default]
Compiling architecture behavioral of entity xil_defaultlib.Round_Unit [round_unit_default]
Compiling architecture behavioral of entity xil_defaultlib.ALU1 [alu1_default]
Compiling architecture behavioral of entity xil_defaultlib.shiftUnit [shiftunit_default]
Compiling architecture behavioral of entity xil_defaultlib.aluMantisa [alumantisa_default]
Compiling architecture behavioral of entity xil_defaultlib.controlUnit [controlunit_default]
Compiling architecture behavioral of entity xil_defaultlib.addSubModule [addsubmodule_default]
Compiling architecture behavioral of entity xil_defaultlib.add_sim
Built simulation snapshot add_sim_behav

****** Webtalk v2016.4 (64-bit)
  **** SW Build 1756540 on Mon Jan 23 19:11:23 MST 2017
  **** IP Build 1755317 on Mon Jan 23 20:30:07 MST 2017
    ** Copyright 1986-2016 Xilinx, Inc. All Rights Reserved.

source D:/Facultate/AdunareScadereVM/AdunareScadereVM.sim/sim_1/behav/xsim.dir/add_sim_behav/webtalk/xsim_webtalk.tcl -notrace
INFO: [Common 17-186] 'D:/Facultate/AdunareScadereVM/AdunareScadereVM.sim/sim_1/behav/xsim.dir/add_sim_behav/webtalk/usage_statistics_ext_xsim.xml' has been successfully sent to Xilinx on Mon May 29 03:04:18 2017. For additional details about this file, please refer to the WebTalk help file at C:/Xilinx/Vivado/2016.4/doc/webtalk_introduction.html.
INFO: [Common 17-206] Exiting Webtalk at Mon May 29 03:04:18 2017...
INFO: [USF-XSim-69] 'elaborate' step finished in '5' seconds
INFO: [USF-XSim-4] XSim::Simulate design
INFO: [USF-XSim-61] Executing 'SIMULATE' step in 'D:/Facultate/AdunareScadereVM/AdunareScadereVM.sim/sim_1/behav'
INFO: [USF-XSim-98] *** Running xsim
   with args "add_sim_behav -key {Behavioral:sim_1:Functional:add_sim} -tclbatch {add_sim.tcl} -log {simulate.log}"
INFO: [USF-XSim-8] Loading simulator feature
Vivado Simulator 2016.4
Time resolution is 1 ps
source add_sim.tcl
# set curr_wave [current_wave_config]
# if { [string length $curr_wave] == 0 } {
#   if { [llength [get_objects]] > 0} {
#     add_wave /
#     set_property needs_save false [current_wave_config]
#   } else {
#      send_msg_id Add_Wave-1 WARNING "No top level signals found. Simulator will start without a wave window. If you want to open a wave window go to 'File->New Waveform Configuration' or type 'create_wave_config' in the TCL console."
#   }
# }
# run 4000 ns
INFO: [USF-XSim-96] XSim completed. Design snapshot 'add_sim_behav' loaded.
INFO: [USF-XSim-97] XSim simulation ran for 4000 ns
launch_simulation: Time (s): cpu = 00:00:01 ; elapsed = 00:00:07 . Memory (MB): peak = 894.102 ; gain = 0.000
close_sim
INFO: [Simtcl 6-16] Simulation closed
close_sim: Time (s): cpu = 00:00:00 ; elapsed = 00:00:05 . Memory (MB): peak = 894.102 ; gain = 0.000
launch_simulation
INFO: [SIM-utils-51] Simulation object is 'sim_1'
INFO: [USF-XSim-37] Inspecting design source files for 'add_sim' in fileset 'sim_1'...
INFO: [USF-XSim-97] Finding global include files...
INFO: [USF-XSim-98] Fetching design files from 'sim_1'...
INFO: [USF-XSim-2] XSim::Compile design
INFO: [USF-XSim-61] Executing 'COMPILE and ANALYZE' step in 'D:/Facultate/AdunareScadereVM/AdunareScadereVM.sim/sim_1/behav'
"xvhdl -m64 --relax -prj add_sim_vhdl.prj"
INFO: [VRFC 10-163] Analyzing VHDL file "D:/Facultate/AdunareScadereVM/AdunareScadereVM.srcs/sources_1/new/Inc_Dec.vhd" into library xil_defaultlib
INFO: [VRFC 10-307] analyzing entity Inc_Dec
INFO: [VRFC 10-163] Analyzing VHDL file "D:/Facultate/AdunareScadereVM/AdunareScadereVM.srcs/sources_1/new/comp2.vhd" into library xil_defaultlib
INFO: [VRFC 10-307] analyzing entity comp2
INFO: [VRFC 10-163] Analyzing VHDL file "D:/Facultate/AdunareScadereVM/AdunareScadereVM.srcs/sources_1/new/ALU1.vhd" into library xil_defaultlib
INFO: [VRFC 10-307] analyzing entity ALU1
INFO: [VRFC 10-163] Analyzing VHDL file "D:/Facultate/AdunareScadereVM/AdunareScadereVM.srcs/sources_1/new/Round_Unit.vhd" into library xil_defaultlib
INFO: [VRFC 10-307] analyzing entity Round_Unit
INFO: [VRFC 10-163] Analyzing VHDL file "D:/Facultate/AdunareScadereVM/AdunareScadereVM.srcs/sources_1/new/shift_LR.vhd" into library xil_defaultlib
INFO: [VRFC 10-307] analyzing entity shift_LR
INFO: [VRFC 10-163] Analyzing VHDL file "D:/Facultate/AdunareScadereVM/AdunareScadereVM.srcs/sources_1/new/controlUnit.vhd" into library xil_defaultlib
INFO: [VRFC 10-307] analyzing entity controlUnit
INFO: [VRFC 10-163] Analyzing VHDL file "D:/Facultate/AdunareScadereVM/AdunareScadereVM.srcs/sources_1/new/aluMantisa.vhd" into library xil_defaultlib
INFO: [VRFC 10-307] analyzing entity aluMantisa
INFO: [VRFC 10-163] Analyzing VHDL file "D:/Facultate/AdunareScadereVM/AdunareScadereVM.srcs/sources_1/new/shiftUnit.vhd" into library xil_defaultlib
INFO: [VRFC 10-307] analyzing entity shiftUnit
INFO: [VRFC 10-163] Analyzing VHDL file "D:/Facultate/AdunareScadereVM/AdunareScadereVM.srcs/sources_1/new/addSubModule.vhd" into library xil_defaultlib
INFO: [VRFC 10-307] analyzing entity addSubModule
INFO: [VRFC 10-163] Analyzing VHDL file "D:/Facultate/AdunareScadereVM/AdunareScadereVM.srcs/sim_1/new/add_sim.vhd" into library xil_defaultlib
INFO: [VRFC 10-307] analyzing entity add_sim
INFO: [USF-XSim-69] 'compile' step finished in '1' seconds
INFO: [USF-XSim-3] XSim::Elaborate design
INFO: [USF-XSim-61] Executing 'ELABORATE' step in 'D:/Facultate/AdunareScadereVM/AdunareScadereVM.sim/sim_1/behav'
Vivado Simulator 2016.4
Copyright 1986-1999, 2001-2016 Xilinx, Inc. All Rights Reserved.
Running: C:/Xilinx/Vivado/2016.4/bin/unwrapped/win64.o/xelab.exe -wto b69dab129d714d529dcbb7f19266528c --debug typical --relax --mt 2 -L xil_defaultlib -L secureip --snapshot add_sim_behav xil_defaultlib.add_sim -log elaborate.log 
Using 2 slave threads.
Starting static elaboration
Completed static elaboration
Starting simulation data flow analysis
Completed simulation data flow analysis
Time Resolution for simulation is 1ps
Compiling package std.standard
Compiling package std.textio
Compiling package ieee.std_logic_1164
Compiling package ieee.numeric_std
Compiling architecture behavioral of entity xil_defaultlib.comp2 [comp2_default]
Compiling architecture behavioral of entity xil_defaultlib.Inc_Dec [inc_dec_default]
Compiling architecture behavioral of entity xil_defaultlib.shift_LR [shift_lr_default]
Compiling architecture behavioral of entity xil_defaultlib.Round_Unit [round_unit_default]
Compiling architecture behavioral of entity xil_defaultlib.ALU1 [alu1_default]
Compiling architecture behavioral of entity xil_defaultlib.shiftUnit [shiftunit_default]
Compiling architecture behavioral of entity xil_defaultlib.aluMantisa [alumantisa_default]
Compiling architecture behavioral of entity xil_defaultlib.controlUnit [controlunit_default]
Compiling architecture behavioral of entity xil_defaultlib.addSubModule [addsubmodule_default]
Compiling architecture behavioral of entity xil_defaultlib.add_sim
Built simulation snapshot add_sim_behav

****** Webtalk v2016.4 (64-bit)
  **** SW Build 1756540 on Mon Jan 23 19:11:23 MST 2017
  **** IP Build 1755317 on Mon Jan 23 20:30:07 MST 2017
    ** Copyright 1986-2016 Xilinx, Inc. All Rights Reserved.

source D:/Facultate/AdunareScadereVM/AdunareScadereVM.sim/sim_1/behav/xsim.dir/add_sim_behav/webtalk/xsim_webtalk.tcl -notrace
INFO: [Common 17-186] 'D:/Facultate/AdunareScadereVM/AdunareScadereVM.sim/sim_1/behav/xsim.dir/add_sim_behav/webtalk/usage_statistics_ext_xsim.xml' has been successfully sent to Xilinx on Mon May 29 03:05:31 2017. For additional details about this file, please refer to the WebTalk help file at C:/Xilinx/Vivado/2016.4/doc/webtalk_introduction.html.
INFO: [Common 17-206] Exiting Webtalk at Mon May 29 03:05:31 2017...
run_program: Time (s): cpu = 00:00:00 ; elapsed = 00:00:05 . Memory (MB): peak = 894.102 ; gain = 0.000
INFO: [USF-XSim-69] 'elaborate' step finished in '6' seconds
INFO: [USF-XSim-4] XSim::Simulate design
INFO: [USF-XSim-61] Executing 'SIMULATE' step in 'D:/Facultate/AdunareScadereVM/AdunareScadereVM.sim/sim_1/behav'
INFO: [USF-XSim-98] *** Running xsim
   with args "add_sim_behav -key {Behavioral:sim_1:Functional:add_sim} -tclbatch {add_sim.tcl} -log {simulate.log}"
INFO: [USF-XSim-8] Loading simulator feature
Vivado Simulator 2016.4
Time resolution is 1 ps
source add_sim.tcl
# set curr_wave [current_wave_config]
# if { [string length $curr_wave] == 0 } {
#   if { [llength [get_objects]] > 0} {
#     add_wave /
#     set_property needs_save false [current_wave_config]
#   } else {
#      send_msg_id Add_Wave-1 WARNING "No top level signals found. Simulator will start without a wave window. If you want to open a wave window go to 'File->New Waveform Configuration' or type 'create_wave_config' in the TCL console."
#   }
# }
# run 4000 ns
INFO: [USF-XSim-96] XSim completed. Design snapshot 'add_sim_behav' loaded.
INFO: [USF-XSim-97] XSim simulation ran for 4000 ns
launch_simulation: Time (s): cpu = 00:00:01 ; elapsed = 00:00:08 . Memory (MB): peak = 894.102 ; gain = 0.000
close_sim
INFO: [Simtcl 6-16] Simulation closed
launch_simulation
INFO: [SIM-utils-51] Simulation object is 'sim_1'
INFO: [USF-XSim-37] Inspecting design source files for 'add_sim' in fileset 'sim_1'...
INFO: [USF-XSim-97] Finding global include files...
INFO: [USF-XSim-98] Fetching design files from 'sim_1'...
INFO: [USF-XSim-2] XSim::Compile design
INFO: [USF-XSim-61] Executing 'COMPILE and ANALYZE' step in 'D:/Facultate/AdunareScadereVM/AdunareScadereVM.sim/sim_1/behav'
"xvhdl -m64 --relax -prj add_sim_vhdl.prj"
INFO: [VRFC 10-163] Analyzing VHDL file "D:/Facultate/AdunareScadereVM/AdunareScadereVM.srcs/sources_1/new/Inc_Dec.vhd" into library xil_defaultlib
INFO: [VRFC 10-307] analyzing entity Inc_Dec
INFO: [VRFC 10-163] Analyzing VHDL file "D:/Facultate/AdunareScadereVM/AdunareScadereVM.srcs/sources_1/new/comp2.vhd" into library xil_defaultlib
INFO: [VRFC 10-307] analyzing entity comp2
INFO: [VRFC 10-163] Analyzing VHDL file "D:/Facultate/AdunareScadereVM/AdunareScadereVM.srcs/sources_1/new/ALU1.vhd" into library xil_defaultlib
INFO: [VRFC 10-307] analyzing entity ALU1
INFO: [VRFC 10-163] Analyzing VHDL file "D:/Facultate/AdunareScadereVM/AdunareScadereVM.srcs/sources_1/new/Round_Unit.vhd" into library xil_defaultlib
INFO: [VRFC 10-307] analyzing entity Round_Unit
INFO: [VRFC 10-163] Analyzing VHDL file "D:/Facultate/AdunareScadereVM/AdunareScadereVM.srcs/sources_1/new/shift_LR.vhd" into library xil_defaultlib
INFO: [VRFC 10-307] analyzing entity shift_LR
INFO: [VRFC 10-163] Analyzing VHDL file "D:/Facultate/AdunareScadereVM/AdunareScadereVM.srcs/sources_1/new/controlUnit.vhd" into library xil_defaultlib
INFO: [VRFC 10-307] analyzing entity controlUnit
INFO: [VRFC 10-163] Analyzing VHDL file "D:/Facultate/AdunareScadereVM/AdunareScadereVM.srcs/sources_1/new/aluMantisa.vhd" into library xil_defaultlib
INFO: [VRFC 10-307] analyzing entity aluMantisa
INFO: [VRFC 10-163] Analyzing VHDL file "D:/Facultate/AdunareScadereVM/AdunareScadereVM.srcs/sources_1/new/shiftUnit.vhd" into library xil_defaultlib
INFO: [VRFC 10-307] analyzing entity shiftUnit
INFO: [VRFC 10-163] Analyzing VHDL file "D:/Facultate/AdunareScadereVM/AdunareScadereVM.srcs/sources_1/new/addSubModule.vhd" into library xil_defaultlib
INFO: [VRFC 10-307] analyzing entity addSubModule
ERROR: [VRFC 10-37] shift_lr has only 8 ports [D:/Facultate/AdunareScadereVM/AdunareScadereVM.srcs/sources_1/new/addSubModule.vhd:118]
ERROR: [VRFC 10-719] formal port/generic <clk> is not declared in <shiftunit> [D:/Facultate/AdunareScadereVM/AdunareScadereVM.srcs/sources_1/new/addSubModule.vhd:133]
ERROR: [VRFC 10-1504] unit behavioral ignored due to previous errors [D:/Facultate/AdunareScadereVM/AdunareScadereVM.srcs/sources_1/new/addSubModule.vhd:43]
INFO: [VRFC 10-240] VHDL file D:/Facultate/AdunareScadereVM/AdunareScadereVM.srcs/sources_1/new/addSubModule.vhd ignored due to errors
INFO: [VRFC 10-163] Analyzing VHDL file "D:/Facultate/AdunareScadereVM/AdunareScadereVM.srcs/sim_1/new/add_sim.vhd" into library xil_defaultlib
INFO: [VRFC 10-307] analyzing entity add_sim
INFO: [USF-XSim-69] 'compile' step finished in '1' seconds
INFO: [USF-XSim-99] Step results log file:'D:/Facultate/AdunareScadereVM/AdunareScadereVM.sim/sim_1/behav/xvhdl.log'
ERROR: [USF-XSim-62] 'compile' step failed with error(s). Please check the Tcl console output or 'D:/Facultate/AdunareScadereVM/AdunareScadereVM.sim/sim_1/behav/xvhdl.log' file for more information.
ERROR: [Vivado 12-4473] Detected error while running simulation. Please correct the issue and retry this operation.
ERROR: [Common 17-39] 'launch_simulation' failed due to earlier errors.
launch_simulation
INFO: [SIM-utils-51] Simulation object is 'sim_1'
INFO: [USF-XSim-37] Inspecting design source files for 'add_sim' in fileset 'sim_1'...
INFO: [USF-XSim-97] Finding global include files...
INFO: [USF-XSim-98] Fetching design files from 'sim_1'...
INFO: [USF-XSim-2] XSim::Compile design
INFO: [USF-XSim-61] Executing 'COMPILE and ANALYZE' step in 'D:/Facultate/AdunareScadereVM/AdunareScadereVM.sim/sim_1/behav'
"xvhdl -m64 --relax -prj add_sim_vhdl.prj"
INFO: [VRFC 10-163] Analyzing VHDL file "D:/Facultate/AdunareScadereVM/AdunareScadereVM.srcs/sources_1/new/Inc_Dec.vhd" into library xil_defaultlib
INFO: [VRFC 10-307] analyzing entity Inc_Dec
INFO: [VRFC 10-163] Analyzing VHDL file "D:/Facultate/AdunareScadereVM/AdunareScadereVM.srcs/sources_1/new/comp2.vhd" into library xil_defaultlib
INFO: [VRFC 10-307] analyzing entity comp2
INFO: [VRFC 10-163] Analyzing VHDL file "D:/Facultate/AdunareScadereVM/AdunareScadereVM.srcs/sources_1/new/ALU1.vhd" into library xil_defaultlib
INFO: [VRFC 10-307] analyzing entity ALU1
INFO: [VRFC 10-163] Analyzing VHDL file "D:/Facultate/AdunareScadereVM/AdunareScadereVM.srcs/sources_1/new/Round_Unit.vhd" into library xil_defaultlib
INFO: [VRFC 10-307] analyzing entity Round_Unit
INFO: [VRFC 10-163] Analyzing VHDL file "D:/Facultate/AdunareScadereVM/AdunareScadereVM.srcs/sources_1/new/shift_LR.vhd" into library xil_defaultlib
INFO: [VRFC 10-307] analyzing entity shift_LR
INFO: [VRFC 10-163] Analyzing VHDL file "D:/Facultate/AdunareScadereVM/AdunareScadereVM.srcs/sources_1/new/controlUnit.vhd" into library xil_defaultlib
INFO: [VRFC 10-307] analyzing entity controlUnit
INFO: [VRFC 10-163] Analyzing VHDL file "D:/Facultate/AdunareScadereVM/AdunareScadereVM.srcs/sources_1/new/aluMantisa.vhd" into library xil_defaultlib
INFO: [VRFC 10-307] analyzing entity aluMantisa
INFO: [VRFC 10-163] Analyzing VHDL file "D:/Facultate/AdunareScadereVM/AdunareScadereVM.srcs/sources_1/new/shiftUnit.vhd" into library xil_defaultlib
INFO: [VRFC 10-307] analyzing entity shiftUnit
INFO: [VRFC 10-163] Analyzing VHDL file "D:/Facultate/AdunareScadereVM/AdunareScadereVM.srcs/sources_1/new/addSubModule.vhd" into library xil_defaultlib
INFO: [VRFC 10-307] analyzing entity addSubModule
INFO: [VRFC 10-163] Analyzing VHDL file "D:/Facultate/AdunareScadereVM/AdunareScadereVM.srcs/sim_1/new/add_sim.vhd" into library xil_defaultlib
INFO: [VRFC 10-307] analyzing entity add_sim
INFO: [USF-XSim-69] 'compile' step finished in '1' seconds
INFO: [USF-XSim-3] XSim::Elaborate design
INFO: [USF-XSim-61] Executing 'ELABORATE' step in 'D:/Facultate/AdunareScadereVM/AdunareScadereVM.sim/sim_1/behav'
Vivado Simulator 2016.4
Copyright 1986-1999, 2001-2016 Xilinx, Inc. All Rights Reserved.
Running: C:/Xilinx/Vivado/2016.4/bin/unwrapped/win64.o/xelab.exe -wto b69dab129d714d529dcbb7f19266528c --debug typical --relax --mt 2 -L xil_defaultlib -L secureip --snapshot add_sim_behav xil_defaultlib.add_sim -log elaborate.log 
Using 2 slave threads.
Starting static elaboration
Completed static elaboration
Starting simulation data flow analysis
Completed simulation data flow analysis
Time Resolution for simulation is 1ps
Compiling package std.standard
Compiling package std.textio
Compiling package ieee.std_logic_1164
Compiling package ieee.numeric_std
Compiling architecture behavioral of entity xil_defaultlib.comp2 [comp2_default]
Compiling architecture behavioral of entity xil_defaultlib.Inc_Dec [inc_dec_default]
Compiling architecture behavioral of entity xil_defaultlib.shift_LR [shift_lr_default]
Compiling architecture behavioral of entity xil_defaultlib.Round_Unit [round_unit_default]
Compiling architecture behavioral of entity xil_defaultlib.ALU1 [alu1_default]
Compiling architecture behavioral of entity xil_defaultlib.shiftUnit [shiftunit_default]
Compiling architecture behavioral of entity xil_defaultlib.aluMantisa [alumantisa_default]
Compiling architecture behavioral of entity xil_defaultlib.controlUnit [controlunit_default]
Compiling architecture behavioral of entity xil_defaultlib.addSubModule [addsubmodule_default]
Compiling architecture behavioral of entity xil_defaultlib.add_sim
Built simulation snapshot add_sim_behav

****** Webtalk v2016.4 (64-bit)
  **** SW Build 1756540 on Mon Jan 23 19:11:23 MST 2017
  **** IP Build 1755317 on Mon Jan 23 20:30:07 MST 2017
    ** Copyright 1986-2016 Xilinx, Inc. All Rights Reserved.

source D:/Facultate/AdunareScadereVM/AdunareScadereVM.sim/sim_1/behav/xsim.dir/add_sim_behav/webtalk/xsim_webtalk.tcl -notrace
INFO: [Common 17-186] 'D:/Facultate/AdunareScadereVM/AdunareScadereVM.sim/sim_1/behav/xsim.dir/add_sim_behav/webtalk/usage_statistics_ext_xsim.xml' has been successfully sent to Xilinx on Mon May 29 03:06:53 2017. For additional details about this file, please refer to the WebTalk help file at C:/Xilinx/Vivado/2016.4/doc/webtalk_introduction.html.
INFO: [Common 17-206] Exiting Webtalk at Mon May 29 03:06:53 2017...
INFO: [USF-XSim-69] 'elaborate' step finished in '4' seconds
INFO: [USF-XSim-4] XSim::Simulate design
INFO: [USF-XSim-61] Executing 'SIMULATE' step in 'D:/Facultate/AdunareScadereVM/AdunareScadereVM.sim/sim_1/behav'
INFO: [USF-XSim-98] *** Running xsim
   with args "add_sim_behav -key {Behavioral:sim_1:Functional:add_sim} -tclbatch {add_sim.tcl} -log {simulate.log}"
INFO: [USF-XSim-8] Loading simulator feature
Vivado Simulator 2016.4
Time resolution is 1 ps
source add_sim.tcl
# set curr_wave [current_wave_config]
# if { [string length $curr_wave] == 0 } {
#   if { [llength [get_objects]] > 0} {
#     add_wave /
#     set_property needs_save false [current_wave_config]
#   } else {
#      send_msg_id Add_Wave-1 WARNING "No top level signals found. Simulator will start without a wave window. If you want to open a wave window go to 'File->New Waveform Configuration' or type 'create_wave_config' in the TCL console."
#   }
# }
# run 4000 ns
INFO: [USF-XSim-96] XSim completed. Design snapshot 'add_sim_behav' loaded.
INFO: [USF-XSim-97] XSim simulation ran for 4000 ns
launch_simulation: Time (s): cpu = 00:00:01 ; elapsed = 00:00:06 . Memory (MB): peak = 894.102 ; gain = 0.000
launch_runs synth_1 -jobs 4
INFO: [HDL 9-1061] Parsing VHDL file "D:/Facultate/AdunareScadereVM/AdunareScadereVM.srcs/sources_1/new/addSubModule.vhd" into library xil_defaultlib [D:/Facultate/AdunareScadereVM/AdunareScadereVM.srcs/sources_1/new/addSubModule.vhd:1]
[Mon May 29 03:07:01 2017] Launched synth_1...
Run output will be captured here: D:/Facultate/AdunareScadereVM/AdunareScadereVM.runs/synth_1/runme.log
set_property STEPS.SYNTH_DESIGN.ARGS.FSM_EXTRACTION one_hot [get_runs synth_1]
reset_run synth_1
launch_runs synth_1 -jobs 4
INFO: [HDL 9-1061] Parsing VHDL file "D:/Facultate/AdunareScadereVM/AdunareScadereVM.srcs/sources_1/new/addSubModule.vhd" into library xil_defaultlib [D:/Facultate/AdunareScadereVM/AdunareScadereVM.srcs/sources_1/new/addSubModule.vhd:1]
[Mon May 29 03:10:27 2017] Launched synth_1...
Run output will be captured here: D:/Facultate/AdunareScadereVM/AdunareScadereVM.runs/synth_1/runme.log
launch_runs impl_1 -jobs 4
[Mon May 29 03:17:43 2017] Launched impl_1...
Run output will be captured here: D:/Facultate/AdunareScadereVM/AdunareScadereVM.runs/impl_1/runme.log
launch_runs impl_1 -to_step write_bitstream -jobs 4
[Mon May 29 03:19:24 2017] Launched impl_1...
Run output will be captured here: D:/Facultate/AdunareScadereVM/AdunareScadereVM.runs/impl_1/runme.log
close_sim
INFO: [Simtcl 6-16] Simulation closed
exit
INFO: [Common 17-206] Exiting Vivado at Mon May 29 03:35:25 2017...
