Copyright 1986-2016 Xilinx, Inc. All Rights Reserved.
--------------------------------------------------------------------------------------
| Tool Version : Vivado v.2016.4 (win64) Build 1756540 Mon Jan 23 19:11:23 MST 2017
| Date         : Mon May 29 03:18:18 2017
| Host         : DESKTOP-52U5V8B running 64-bit major release  (build 9200)
| Command      : report_control_sets -verbose -file topModule_control_sets_placed.rpt
| Design       : topModule
| Device       : xc7a100t
--------------------------------------------------------------------------------------

Control Set Information

Table of Contents
-----------------
1. Summary
2. Flip-Flop Distribution
3. Detailed Control Set Information

1. Summary
----------

+----------------------------------------------------------+-------+
|                          Status                          | Count |
+----------------------------------------------------------+-------+
| Number of unique control sets                            |    15 |
| Unused register locations in slices containing registers |    39 |
+----------------------------------------------------------+-------+


2. Flip-Flop Distribution
-------------------------

+--------------+-----------------------+------------------------+-----------------+--------------+
| Clock Enable | Synchronous Set/Reset | Asynchronous Set/Reset | Total Registers | Total Slices |
+--------------+-----------------------+------------------------+-----------------+--------------+
| No           | No                    | No                     |             127 |           62 |
| No           | No                    | Yes                    |              11 |            4 |
| No           | Yes                   | No                     |              75 |           20 |
| Yes          | No                    | No                     |              68 |           34 |
| Yes          | No                    | Yes                    |               0 |            0 |
| Yes          | Yes                   | No                     |              64 |           16 |
+--------------+-----------------------+------------------------+-----------------+--------------+


3. Detailed Control Set Information
-----------------------------------

+------------------------------------------------------+--------------------------+------------------------+------------------+----------------+
|                     Clock Signal                     |       Enable Signal      |    Set/Reset Signal    | Slice Load Count | Bel Load Count |
+------------------------------------------------------+--------------------------+------------------------+------------------+----------------+
|  ADD_SUB/CONTROL/stop_reg_i_2_n_0                    |                          |                        |                1 |              1 |
|  ADD_SUB/SHIFT_LEFT_RIGHT/temp_reg[20]_i_2_n_0       |                          |                        |                4 |              4 |
|  Clk_IBUF_BUFG                                       | KEYPAD/C0/Col[3]_i_1_n_0 |                        |                1 |              4 |
|  Clk_IBUF_BUFG                                       |                          |                        |                4 |              5 |
|  ADD_SUB/CONTROL/FSM_onehot_currentState_reg_n_0_[5] |                          |                        |                3 |              6 |
|  ADD_SUB/CONTROL/nextState                           |                          |                        |                3 |             11 |
|  divided_clk                                         |                          | Rst_IBUF               |                4 |             11 |
|  Clk_IBUF_BUFG                                       |                          | KEYPAD/C0/sclk         |                5 |             20 |
|  Clk_IBUF_BUFG                                       |                          | Rst_IBUF               |                7 |             23 |
|  Clk_IBUF_BUFG                                       |                          | counter_reg[0]_i_1_n_1 |                8 |             32 |
|  Clk_IBUF_BUFG                                       | KEYPAD/Xout              |                        |               18 |             32 |
|  Clk_IBUF_BUFG                                       | KEYPAD/Yout              |                        |               15 |             32 |
|  ADD_SUB/CONTROL/FSM_onehot_currentState_reg_n_0_[1] |                          |                        |               18 |             36 |
|  KEYPAD/ready2                                       |                          |                        |               29 |             64 |
|  Clk_IBUF_BUFG                                       | MPG/Q_OUT                | Rst_IBUF               |               16 |             64 |
+------------------------------------------------------+--------------------------+------------------------+------------------+----------------+


+--------+-----------------------+
| Fanout | Number of ControlSets |
+--------+-----------------------+
| 1      |                     1 |
| 4      |                     2 |
| 5      |                     1 |
| 6      |                     1 |
| 11     |                     2 |
| 16+    |                     8 |
+--------+-----------------------+


