Unable to capture context for thread 13936 in process 5280, can not generate back trace
Unable to capture context for thread 11812 in process 5280, can not generate back trace
Exception at PC 0x00007FF8E1E9BB93
Printing stacktrace...

Unable to capture context for thread 14320 in process 5280, can not generate back trace
Unable to capture context for thread 14180 in process 5280, can not generate back trace
Exception at PC 0x00007FF91A643C58
Unable to capture context for thread 13184 in process 5280, can not generate back trace
Exception at PC 0x00007FF91A643C58
Exception at PC 0x00007FF91A643C58
Exception at PC 0x00007FF91A643C58
Exception at PC 0x00007FF91A643C58
Exception at PC 0x00007FF91A643C58
Exception at PC 0x00007FF91A643C58
Exception at PC 0x00007FF91A643C58
Exception at PC 0x00007FF91A643C58
Exception at PC 0x00007FF91A643C58
Exception at PC 0x00007FF91A643C58
Exception at PC 0x00007FF91A643C58
Exception at PC 0x00007FF91A643C58
Exception at PC 0x00007FF91A643C58
[0]  [0x00007FF8E1E9BB93]
[1]  [0x00007FF8E1E9BB93]
[2]  [0x00007FF8E1E9B4A1]
[3]  [0x00007FF8E1E9B3EF]
[4]  [0x00007FF8E1E819FE]
[5]  [0x00007FF8E1E80ED1]
[6]  [0x00007FF8E1E80D76]
[7]  [0x00007FF8E1E279F6]
[8]  [0x00007FF8E1E17AFB]
[9]  [0x00007FF8E1F3E90A]
[10]  [0x00007FF8E1F59F87]
[11]  [0x00007FF8E1F5A05F]
[12] (BaseThreadInitThunk+0x14) [0x00007FF91BAE8364]
[13] (RtlUserThreadStart+0x21) [0x00007FF91D6870D1]
Done
Exception at PC 0x00007FF91A643C58
Exception at PC 0x00007FF91A643C58
Exception at PC 0x00007FF91A643C58
Exception at PC 0x00007FF91A643C58
